# JRE version: OpenJDK Runtime Environment (8.0_212-b04) (build 1.8.0_212-release-1586-b04)
# Java VM: OpenJDK 64-Bit Server VM (25.212-b04 mixed mode windows-amd64 compressed oops)
Heap:
 PSYoungGen      total 204288K, used 34161K [0x00000000e0000000, 0x00000000f0500000, 0x0000000100000000)
  eden space 189440K, 18% used [0x00000000e0000000,0x00000000e215c7c8,0x00000000eb900000)
  from space 14848K, 0% used [0x00000000eb900000,0x00000000eb900000,0x00000000ec780000)
  to   space 19968K, 0% used [0x00000000ef180000,0x00000000ef180000,0x00000000f0500000)
 ParOldGen       total 133120K, used 36448K [0x00000000a0000000, 0x00000000a8200000, 0x00000000e0000000)
  object space 133120K, 27% used [0x00000000a0000000,0x00000000a2398398,0x00000000a8200000)
 Metaspace       used 58722K, capacity 60728K, committed 60800K, reserved 1101824K
  class space    used 8084K, capacity 8572K, committed 8576K, reserved 1048576K
GC Heap History (10 events):
Event: 7.848 GC heap before
{Heap before GC invocations=8 (full 1):
 PSYoungGen      total 125440K, used 67772K [0x00000000e0000000, 0x00000000e8780000, 0x0000000100000000)
  eden space 114176K, 51% used [0x00000000e0000000,0x00000000e399e2c8,0x00000000e6f80000)
  from space 11264K, 77% used [0x00000000e7c80000,0x00000000e8510fb0,0x00000000e8780000)
  to   space 12288K, 0% used [0x00000000e6f80000,0x00000000e6f80000,0x00000000e7b80000)
 ParOldGen       total 88064K, used 7508K [0x00000000a0000000, 0x00000000a5600000, 0x00000000e0000000)
  object space 88064K, 8% used [0x00000000a0000000,0x00000000a0755388,0x00000000a5600000)
 Metaspace       used 34564K, capacity 35410K, committed 35456K, reserved 1079296K
  class space    used 4733K, capacity 4969K, committed 4992K, reserved 1048576K
Event: 7.856 GC heap after
Heap after GC invocations=8 (full 1):
 PSYoungGen      total 126464K, used 10019K [0x00000000e0000000, 0x00000000ed600000, 0x0000000100000000)
  eden space 114176K, 0% used [0x00000000e0000000,0x00000000e0000000,0x00000000e6f80000)
  from space 12288K, 81% used [0x00000000e6f80000,0x00000000e7948de0,0x00000000e7b80000)
  to   space 12288K, 0% used [0x00000000eca00000,0x00000000eca00000,0x00000000ed600000)
 ParOldGen       total 88064K, used 7516K [0x00000000a0000000, 0x00000000a5600000, 0x00000000e0000000)
  object space 88064K, 8% used [0x00000000a0000000,0x00000000a0757388,0x00000000a5600000)
 Metaspace       used 34564K, capacity 35410K, committed 35456K, reserved 1079296K
  class space    used 4733K, capacity 4969K, committed 4992K, reserved 1048576K
}
Event: 7.856 GC heap before
{Heap before GC invocations=9 (full 2):
 PSYoungGen      total 126464K, used 10019K [0x00000000e0000000, 0x00000000ed600000, 0x0000000100000000)
  eden space 114176K, 0% used [0x00000000e0000000,0x00000000e0000000,0x00000000e6f80000)
  from space 12288K, 81% used [0x00000000e6f80000,0x00000000e7948de0,0x00000000e7b80000)
  to   space 12288K, 0% used [0x00000000eca00000,0x00000000eca00000,0x00000000ed600000)
 ParOldGen       total 88064K, used 7516K [0x00000000a0000000, 0x00000000a5600000, 0x00000000e0000000)
  object space 88064K, 8% used [0x00000000a0000000,0x00000000a0757388,0x00000000a5600000)
 Metaspace       used 34564K, capacity 35410K, committed 35456K, reserved 1079296K
  class space    used 4733K, capacity 4969K, committed 4992K, reserved 1048576K
Event: 7.920 GC heap after
Heap after GC invocations=9 (full 2):
 PSYoungGen      total 126464K, used 0K [0x00000000e0000000, 0x00000000ed600000, 0x0000000100000000)
  eden space 114176K, 0% used [0x00000000e0000000,0x00000000e0000000,0x00000000e6f80000)
  from space 12288K, 0% used [0x00000000e6f80000,0x00000000e6f80000,0x00000000e7b80000)
  to   space 12288K, 0% used [0x00000000eca00000,0x00000000eca00000,0x00000000ed600000)
 ParOldGen       total 133120K, used 16739K [0x00000000a0000000, 0x00000000a8200000, 0x00000000e0000000)
  object space 133120K, 12% used [0x00000000a0000000,0x00000000a1058f68,0x00000000a8200000)
 Metaspace       used 34539K, capacity 35326K, committed 35456K, reserved 1079296K
  class space    used 4726K, capacity 4955K, committed 4992K, reserved 1048576K
}
Event: 10.184 GC heap before
{Heap before GC invocations=10 (full 2):
 PSYoungGen      total 126464K, used 114176K [0x00000000e0000000, 0x00000000ed600000, 0x0000000100000000)
  eden space 114176K, 100% used [0x00000000e0000000,0x00000000e6f80000,0x00000000e6f80000)
  from space 12288K, 0% used [0x00000000e6f80000,0x00000000e6f80000,0x00000000e7b80000)
  to   space 12288K, 0% used [0x00000000eca00000,0x00000000eca00000,0x00000000ed600000)
 ParOldGen       total 133120K, used 16739K [0x00000000a0000000, 0x00000000a8200000, 0x00000000e0000000)
  object space 133120K, 12% used [0x00000000a0000000,0x00000000a1058f68,0x00000000a8200000)
 Metaspace       used 45382K, capacity 46518K, committed 46592K, reserved 1089536K
  class space    used 6090K, capacity 6394K, committed 6400K, reserved 1048576K
Event: 10.207 GC heap after
Heap after GC invocations=10 (full 2):
 PSYoungGen      total 186880K, used 12287K [0x00000000e0000000, 0x00000000ed600000, 0x0000000100000000)
  eden space 174592K, 0% used [0x00000000e0000000,0x00000000e0000000,0x00000000eaa80000)
  from space 12288K, 99% used [0x00000000eca00000,0x00000000ed5ffcd0,0x00000000ed600000)
  to   space 14848K, 0% used [0x00000000eb900000,0x00000000eb900000,0x00000000ec780000)
 ParOldGen       total 133120K, used 19898K [0x00000000a0000000, 0x00000000a8200000, 0x00000000e0000000)
  object space 133120K, 14% used [0x00000000a0000000,0x00000000a136e9b8,0x00000000a8200000)
 Metaspace       used 45382K, capacity 46518K, committed 46592K, reserved 1089536K
  class space    used 6090K, capacity 6394K, committed 6400K, reserved 1048576K
}
Event: 15.022 GC heap before
{Heap before GC invocations=11 (full 2):
 PSYoungGen      total 186880K, used 162478K [0x00000000e0000000, 0x00000000ed600000, 0x0000000100000000)
  eden space 174592K, 86% used [0x00000000e0000000,0x00000000e92abee0,0x00000000eaa80000)
  from space 12288K, 99% used [0x00000000eca00000,0x00000000ed5ffcd0,0x00000000ed600000)
  to   space 14848K, 0% used [0x00000000eb900000,0x00000000eb900000,0x00000000ec780000)
 ParOldGen       total 133120K, used 19898K [0x00000000a0000000, 0x00000000a8200000, 0x00000000e0000000)
  object space 133120K, 14% used [0x00000000a0000000,0x00000000a136e9b8,0x00000000a8200000)
 Metaspace       used 57173K, capacity 59006K, committed 59096K, reserved 1099776K
  class space    used 7835K, capacity 8275K, committed 8320K, reserved 1048576K
Event: 15.063 GC heap after
Heap after GC invocations=11 (full 2):
 PSYoungGen      total 204288K, used 14829K [0x00000000e0000000, 0x00000000f0500000, 0x0000000100000000)
  eden space 189440K, 0% used [0x00000000e0000000,0x00000000e0000000,0x00000000eb900000)
  from space 14848K, 99% used [0x00000000eb900000,0x00000000ec77b7c0,0x00000000ec780000)
  to   space 19968K, 0% used [0x00000000ef180000,0x00000000ef180000,0x00000000f0500000)
 ParOldGen       total 133120K, used 27952K [0x00000000a0000000, 0x00000000a8200000, 0x00000000e0000000)
  object space 133120K, 20% used [0x00000000a0000000,0x00000000a1b4c1f0,0x00000000a8200000)
 Metaspace       used 57173K, capacity 59006K, committed 59096K, reserved 1099776K
  class space    used 7835K, capacity 8275K, committed 8320K, reserved 1048576K
}
Event: 15.063 GC heap before
{Heap before GC invocations=12 (full 3):
 PSYoungGen      total 204288K, used 14829K [0x00000000e0000000, 0x00000000f0500000, 0x0000000100000000)
  eden space 189440K, 0% used [0x00000000e0000000,0x00000000e0000000,0x00000000eb900000)
  from space 14848K, 99% used [0x00000000eb900000,0x00000000ec77b7c0,0x00000000ec780000)
  to   space 19968K, 0% used [0x00000000ef180000,0x00000000ef180000,0x00000000f0500000)
 ParOldGen       total 133120K, used 27952K [0x00000000a0000000, 0x00000000a8200000, 0x00000000e0000000)
  object space 133120K, 20% used [0x00000000a0000000,0x00000000a1b4c1f0,0x00000000a8200000)
 Metaspace       used 57173K, capacity 59006K, committed 59096K, reserved 1099776K
  class space    used 7835K, capacity 8275K, committed 8320K, reserved 1048576K
Event: 15.527 GC heap after
Heap after GC invocations=12 (full 3):
 PSYoungGen      total 204288K, used 0K [0x00000000e0000000, 0x00000000f0500000, 0x0000000100000000)
  eden space 189440K, 0% used [0x00000000e0000000,0x00000000e0000000,0x00000000eb900000)
  from space 14848K, 0% used [0x00000000eb900000,0x00000000eb900000,0x00000000ec780000)
  to   space 19968K, 0% used [0x00000000ef180000,0x00000000ef180000,0x00000000f0500000)
 ParOldGen       total 133120K, used 36448K [0x00000000a0000000, 0x00000000a8200000, 0x00000000e0000000)
  object space 133120K, 27% used [0x00000000a0000000,0x00000000a2398398,0x00000000a8200000)
 Metaspace       used 57173K, capacity 59006K, committed 59096K, reserved 1099776K
  class space    used 7835K, capacity 8275K, committed 8320K, reserved 1048576K
}

