# JRE version: OpenJDK Runtime Environment (8.0_212-b04) (build 1.8.0_212-release-1586-b04)
# Java VM: OpenJDK 64-Bit Server VM (25.212-b04 mixed mode windows-amd64 compressed oops)
Heap:
 PSYoungGen      total 209408K, used 14834K [0x00000000e0000000, 0x00000000ef100000, 0x0000000100000000)
  eden space 194560K, 0% used [0x00000000e0000000,0x00000000e0000000,0x00000000ebe00000)
  from space 14848K, 99% used [0x00000000ebe00000,0x00000000ecc7c800,0x00000000ecc80000)
  to   space 19968K, 0% used [0x00000000edd80000,0x00000000edd80000,0x00000000ef100000)
 ParOldGen       total 136704K, used 28229K [0x00000000a0000000, 0x00000000a8580000, 0x00000000e0000000)
  object space 136704K, 20% used [0x00000000a0000000,0x00000000a1b916c8,0x00000000a8580000)
 Metaspace       used 57203K, capacity 58998K, committed 59096K, reserved 1099776K
  class space    used 7836K, capacity 8267K, committed 8320K, reserved 1048576K
GC Heap History (10 events):
Event: 7.536 GC heap after
Heap after GC invocations=7 (full 1):
 PSYoungGen      total 125440K, used 8766K [0x00000000e0000000, 0x00000000e8880000, 0x0000000100000000)
  eden space 115200K, 0% used [0x00000000e0000000,0x00000000e0000000,0x00000000e7080000)
  from space 10240K, 85% used [0x00000000e7e80000,0x00000000e870fbf8,0x00000000e8880000)
  to   space 12288K, 0% used [0x00000000e7080000,0x00000000e7080000,0x00000000e7c80000)
 ParOldGen       total 86528K, used 7426K [0x00000000a0000000, 0x00000000a5480000, 0x00000000e0000000)
  object space 86528K, 8% used [0x00000000a0000000,0x00000000a0740920,0x00000000a5480000)
 Metaspace       used 31953K, capacity 32590K, committed 32768K, reserved 1077248K
  class space    used 4368K, capacity 4589K, committed 4608K, reserved 1048576K
}
Event: 8.541 GC heap before
{Heap before GC invocations=8 (full 1):
 PSYoungGen      total 125440K, used 68550K [0x00000000e0000000, 0x00000000e8880000, 0x0000000100000000)
  eden space 115200K, 51% used [0x00000000e0000000,0x00000000e3a61ca0,0x00000000e7080000)
  from space 10240K, 85% used [0x00000000e7e80000,0x00000000e870fbf8,0x00000000e8880000)
  to   space 12288K, 0% used [0x00000000e7080000,0x00000000e7080000,0x00000000e7c80000)
 ParOldGen       total 86528K, used 7426K [0x00000000a0000000, 0x00000000a5480000, 0x00000000e0000000)
  object space 86528K, 8% used [0x00000000a0000000,0x00000000a0740920,0x00000000a5480000)
 Metaspace       used 34526K, capacity 35374K, committed 35456K, reserved 1079296K
  class space    used 4728K, capacity 4963K, committed 4992K, reserved 1048576K
Event: 8.554 GC heap after
Heap after GC invocations=8 (full 1):
 PSYoungGen      total 127488K, used 9986K [0x00000000e0000000, 0x00000000edb00000, 0x0000000100000000)
  eden space 115200K, 0% used [0x00000000e0000000,0x00000000e0000000,0x00000000e7080000)
  from space 12288K, 81% used [0x00000000e7080000,0x00000000e7a40ab0,0x00000000e7c80000)
  to   space 12288K, 0% used [0x00000000ecf00000,0x00000000ecf00000,0x00000000edb00000)
 ParOldGen       total 86528K, used 7434K [0x00000000a0000000, 0x00000000a5480000, 0x00000000e0000000)
  object space 86528K, 8% used [0x00000000a0000000,0x00000000a0742920,0x00000000a5480000)
 Metaspace       used 34526K, capacity 35374K, committed 35456K, reserved 1079296K
  class space    used 4728K, capacity 4963K, committed 4992K, reserved 1048576K
}
Event: 8.554 GC heap before
{Heap before GC invocations=9 (full 2):
 PSYoungGen      total 127488K, used 9986K [0x00000000e0000000, 0x00000000edb00000, 0x0000000100000000)
  eden space 115200K, 0% used [0x00000000e0000000,0x00000000e0000000,0x00000000e7080000)
  from space 12288K, 81% used [0x00000000e7080000,0x00000000e7a40ab0,0x00000000e7c80000)
  to   space 12288K, 0% used [0x00000000ecf00000,0x00000000ecf00000,0x00000000edb00000)
 ParOldGen       total 86528K, used 7434K [0x00000000a0000000, 0x00000000a5480000, 0x00000000e0000000)
  object space 86528K, 8% used [0x00000000a0000000,0x00000000a0742920,0x00000000a5480000)
 Metaspace       used 34526K, capacity 35374K, committed 35456K, reserved 1079296K
  class space    used 4728K, capacity 4963K, committed 4992K, reserved 1048576K
Event: 8.695 GC heap after
Heap after GC invocations=9 (full 2):
 PSYoungGen      total 127488K, used 0K [0x00000000e0000000, 0x00000000edb00000, 0x0000000100000000)
  eden space 115200K, 0% used [0x00000000e0000000,0x00000000e0000000,0x00000000e7080000)
  from space 12288K, 0% used [0x00000000e7080000,0x00000000e7080000,0x00000000e7c80000)
  to   space 12288K, 0% used [0x00000000ecf00000,0x00000000ecf00000,0x00000000edb00000)
 ParOldGen       total 136704K, used 16683K [0x00000000a0000000, 0x00000000a8580000, 0x00000000e0000000)
  object space 136704K, 12% used [0x00000000a0000000,0x00000000a104ae68,0x00000000a8580000)
 Metaspace       used 34512K, capacity 35326K, committed 35456K, reserved 1079296K
  class space    used 4723K, capacity 4955K, committed 4992K, reserved 1048576K
}
Event: 11.311 GC heap before
{Heap before GC invocations=10 (full 2):
 PSYoungGen      total 127488K, used 115200K [0x00000000e0000000, 0x00000000edb00000, 0x0000000100000000)
  eden space 115200K, 100% used [0x00000000e0000000,0x00000000e7080000,0x00000000e7080000)
  from space 12288K, 0% used [0x00000000e7080000,0x00000000e7080000,0x00000000e7c80000)
  to   space 12288K, 0% used [0x00000000ecf00000,0x00000000ecf00000,0x00000000edb00000)
 ParOldGen       total 136704K, used 16683K [0x00000000a0000000, 0x00000000a8580000, 0x00000000e0000000)
  object space 136704K, 12% used [0x00000000a0000000,0x00000000a104ae68,0x00000000a8580000)
 Metaspace       used 45250K, capacity 46322K, committed 46592K, reserved 1089536K
  class space    used 6063K, capacity 6348K, committed 6400K, reserved 1048576K
Event: 11.330 GC heap after
Heap after GC invocations=10 (full 2):
 PSYoungGen      total 177152K, used 12285K [0x00000000e0000000, 0x00000000edb00000, 0x0000000100000000)
  eden space 164864K, 0% used [0x00000000e0000000,0x00000000e0000000,0x00000000ea100000)
  from space 12288K, 99% used [0x00000000ecf00000,0x00000000edaff520,0x00000000edb00000)
  to   space 14848K, 0% used [0x00000000ebe00000,0x00000000ebe00000,0x00000000ecc80000)
 ParOldGen       total 136704K, used 19835K [0x00000000a0000000, 0x00000000a8580000, 0x00000000e0000000)
  object space 136704K, 14% used [0x00000000a0000000,0x00000000a135ed08,0x00000000a8580000)
 Metaspace       used 45250K, capacity 46322K, committed 46592K, reserved 1089536K
  class space    used 6063K, capacity 6348K, committed 6400K, reserved 1048576K
}
Event: 15.046 GC heap before
{Heap before GC invocations=11 (full 2):
 PSYoungGen      total 177152K, used 165976K [0x00000000e0000000, 0x00000000edb00000, 0x0000000100000000)
  eden space 164864K, 93% used [0x00000000e0000000,0x00000000e9616eb0,0x00000000ea100000)
  from space 12288K, 99% used [0x00000000ecf00000,0x00000000edaff520,0x00000000edb00000)
  to   space 14848K, 0% used [0x00000000ebe00000,0x00000000ebe00000,0x00000000ecc80000)
 ParOldGen       total 136704K, used 19835K [0x00000000a0000000, 0x00000000a8580000, 0x00000000e0000000)
  object space 136704K, 14% used [0x00000000a0000000,0x00000000a135ed08,0x00000000a8580000)
 Metaspace       used 57203K, capacity 58998K, committed 59096K, reserved 1099776K
  class space    used 7836K, capacity 8267K, committed 8320K, reserved 1048576K
Event: 15.107 GC heap after
Heap after GC invocations=11 (full 2):
 PSYoungGen      total 209408K, used 14834K [0x00000000e0000000, 0x00000000ef100000, 0x0000000100000000)
  eden space 194560K, 0% used [0x00000000e0000000,0x00000000e0000000,0x00000000ebe00000)
  from space 14848K, 99% used [0x00000000ebe00000,0x00000000ecc7c800,0x00000000ecc80000)
  to   space 19968K, 0% used [0x00000000edd80000,0x00000000edd80000,0x00000000ef100000)
 ParOldGen       total 136704K, used 28229K [0x00000000a0000000, 0x00000000a8580000, 0x00000000e0000000)
  object space 136704K, 20% used [0x00000000a0000000,0x00000000a1b916c8,0x00000000a8580000)
 Metaspace       used 57203K, capacity 58998K, committed 59096K, reserved 1099776K
  class space    used 7836K, capacity 8267K, committed 8320K, reserved 1048576K
}
Event: 15.107 GC heap before
{Heap before GC invocations=12 (full 3):
 PSYoungGen      total 209408K, used 14834K [0x00000000e0000000, 0x00000000ef100000, 0x0000000100000000)
  eden space 194560K, 0% used [0x00000000e0000000,0x00000000e0000000,0x00000000ebe00000)
  from space 14848K, 99% used [0x00000000ebe00000,0x00000000ecc7c800,0x00000000ecc80000)
  to   space 19968K, 0% used [0x00000000edd80000,0x00000000edd80000,0x00000000ef100000)
 ParOldGen       total 136704K, used 28229K [0x00000000a0000000, 0x00000000a8580000, 0x00000000e0000000)
  object space 136704K, 20% used [0x00000000a0000000,0x00000000a1b916c8,0x00000000a8580000)
 Metaspace       used 57203K, capacity 58998K, committed 59096K, reserved 1099776K
  class space    used 7836K, capacity 8267K, committed 8320K, reserved 1048576K

