# JRE version: OpenJDK Runtime Environment (8.0_212-b04) (build 1.8.0_212-release-1586-b04)
# Java VM: OpenJDK 64-Bit Server VM (25.212-b04 mixed mode windows-amd64 compressed oops)
Heap:
 PSYoungGen      total 76288K, used 38206K [0x000000076b180000, 0x0000000770680000, 0x00000007c0000000)
  eden space 65536K, 58% used [0x000000076b180000,0x000000076d6cfb28,0x000000076f180000)
  from space 10752K, 0% used [0x000000076fc00000,0x000000076fc00000,0x0000000770680000)
  to   space 10752K, 0% used [0x000000076f180000,0x000000076f180000,0x000000076fc00000)
 ParOldGen       total 119808K, used 18103K [0x00000006c1400000, 0x00000006c8900000, 0x000000076b180000)
  object space 119808K, 15% used [0x00000006c1400000,0x00000006c25adc00,0x00000006c8900000)
 Metaspace       used 36994K, capacity 37466K, committed 37760K, reserved 1081344K
  class space    used 4730K, capacity 4877K, committed 4992K, reserved 1048576K
GC Heap History (10 events):
Event: 1.232 GC heap before
{Heap before GC invocations=2 (full 0):
 PSYoungGen      total 76288K, used 28446K [0x000000076b180000, 0x0000000770680000, 0x00000007c0000000)
  eden space 65536K, 27% used [0x000000076b180000,0x000000076c2cb688,0x000000076f180000)
  from space 10752K, 99% used [0x000000076f180000,0x000000076fbfc218,0x000000076fc00000)
  to   space 10752K, 0% used [0x000000076fc00000,0x000000076fc00000,0x0000000770680000)
 ParOldGen       total 175104K, used 4791K [0x00000006c1400000, 0x00000006cbf00000, 0x000000076b180000)
  object space 175104K, 2% used [0x00000006c1400000,0x00000006c18adda8,0x00000006cbf00000)
 Metaspace       used 20736K, capacity 21128K, committed 21296K, reserved 1069056K
  class space    used 2466K, capacity 2623K, committed 2688K, reserved 1048576K
Event: 1.239 GC heap after
Heap after GC invocations=2 (full 0):
 PSYoungGen      total 76288K, used 9183K [0x000000076b180000, 0x0000000770680000, 0x00000007c0000000)
  eden space 65536K, 0% used [0x000000076b180000,0x000000076b180000,0x000000076f180000)
  from space 10752K, 85% used [0x000000076fc00000,0x00000007704f7ea8,0x0000000770680000)
  to   space 10752K, 0% used [0x000000076f180000,0x000000076f180000,0x000000076fc00000)
 ParOldGen       total 175104K, used 4863K [0x00000006c1400000, 0x00000006cbf00000, 0x000000076b180000)
  object space 175104K, 2% used [0x00000006c1400000,0x00000006c18bfdb8,0x00000006cbf00000)
 Metaspace       used 20736K, capacity 21128K, committed 21296K, reserved 1069056K
  class space    used 2466K, capacity 2623K, committed 2688K, reserved 1048576K
}
Event: 1.239 GC heap before
{Heap before GC invocations=3 (full 1):
 PSYoungGen      total 76288K, used 9183K [0x000000076b180000, 0x0000000770680000, 0x00000007c0000000)
  eden space 65536K, 0% used [0x000000076b180000,0x000000076b180000,0x000000076f180000)
  from space 10752K, 85% used [0x000000076fc00000,0x00000007704f7ea8,0x0000000770680000)
  to   space 10752K, 0% used [0x000000076f180000,0x000000076f180000,0x000000076fc00000)
 ParOldGen       total 175104K, used 4863K [0x00000006c1400000, 0x00000006cbf00000, 0x000000076b180000)
  object space 175104K, 2% used [0x00000006c1400000,0x00000006c18bfdb8,0x00000006cbf00000)
 Metaspace       used 20736K, capacity 21128K, committed 21296K, reserved 1069056K
  class space    used 2466K, capacity 2623K, committed 2688K, reserved 1048576K
Event: 1.270 GC heap after
Heap after GC invocations=3 (full 1):
 PSYoungGen      total 76288K, used 0K [0x000000076b180000, 0x0000000770680000, 0x00000007c0000000)
  eden space 65536K, 0% used [0x000000076b180000,0x000000076b180000,0x000000076f180000)
  from space 10752K, 0% used [0x000000076fc00000,0x000000076fc00000,0x0000000770680000)
  to   space 10752K, 0% used [0x000000076f180000,0x000000076f180000,0x000000076fc00000)
 ParOldGen       total 119808K, used 8879K [0x00000006c1400000, 0x00000006c8900000, 0x000000076b180000)
  object space 119808K, 7% used [0x00000006c1400000,0x00000006c1cabe70,0x00000006c8900000)
 Metaspace       used 20736K, capacity 21128K, committed 21296K, reserved 1069056K
  class space    used 2466K, capacity 2623K, committed 2688K, reserved 1048576K
}
Event: 2.087 GC heap before
{Heap before GC invocations=4 (full 1):
 PSYoungGen      total 76288K, used 65536K [0x000000076b180000, 0x0000000770680000, 0x00000007c0000000)
  eden space 65536K, 100% used [0x000000076b180000,0x000000076f180000,0x000000076f180000)
  from space 10752K, 0% used [0x000000076fc00000,0x000000076fc00000,0x0000000770680000)
  to   space 10752K, 0% used [0x000000076f180000,0x000000076f180000,0x000000076fc00000)
 ParOldGen       total 119808K, used 8879K [0x00000006c1400000, 0x00000006c8900000, 0x000000076b180000)
  object space 119808K, 7% used [0x00000006c1400000,0x00000006c1cabe70,0x00000006c8900000)
 Metaspace       used 30421K, capacity 30914K, committed 31232K, reserved 1077248K
  class space    used 3907K, capacity 4080K, committed 4096K, reserved 1048576K
Event: 2.098 GC heap after
Heap after GC invocations=4 (full 1):
 PSYoungGen      total 76288K, used 10740K [0x000000076b180000, 0x0000000770680000, 0x00000007c0000000)
  eden space 65536K, 0% used [0x000000076b180000,0x000000076b180000,0x000000076f180000)
  from space 10752K, 99% used [0x000000076f180000,0x000000076fbfd370,0x000000076fc00000)
  to   space 10752K, 0% used [0x000000076fc00000,0x000000076fc00000,0x0000000770680000)
 ParOldGen       total 119808K, used 15046K [0x00000006c1400000, 0x00000006c8900000, 0x000000076b180000)
  object space 119808K, 12% used [0x00000006c1400000,0x00000006c22b18a0,0x00000006c8900000)
 Metaspace       used 30421K, capacity 30914K, committed 31232K, reserved 1077248K
  class space    used 3907K, capacity 4080K, committed 4096K, reserved 1048576K
}
Event: 2.427 GC heap before
{Heap before GC invocations=5 (full 1):
 PSYoungGen      total 76288K, used 33327K [0x000000076b180000, 0x0000000770680000, 0x00000007c0000000)
  eden space 65536K, 34% used [0x000000076b180000,0x000000076c78ea08,0x000000076f180000)
  from space 10752K, 99% used [0x000000076f180000,0x000000076fbfd370,0x000000076fc00000)
  to   space 10752K, 0% used [0x000000076fc00000,0x000000076fc00000,0x0000000770680000)
 ParOldGen       total 119808K, used 15046K [0x00000006c1400000, 0x00000006c8900000, 0x000000076b180000)
  object space 119808K, 12% used [0x00000006c1400000,0x00000006c22b18a0,0x00000006c8900000)
 Metaspace       used 34755K, capacity 35272K, committed 35456K, reserved 1079296K
  class space    used 4523K, capacity 4683K, committed 4736K, reserved 1048576K
Event: 2.433 GC heap after
Heap after GC invocations=5 (full 1):
 PSYoungGen      total 76288K, used 10749K [0x000000076b180000, 0x0000000770680000, 0x00000007c0000000)
  eden space 65536K, 0% used [0x000000076b180000,0x000000076b180000,0x000000076f180000)
  from space 10752K, 99% used [0x000000076fc00000,0x000000077067f658,0x0000000770680000)
  to   space 10752K, 0% used [0x000000076f180000,0x000000076f180000,0x000000076fc00000)
 ParOldGen       total 119808K, used 17036K [0x00000006c1400000, 0x00000006c8900000, 0x000000076b180000)
  object space 119808K, 14% used [0x00000006c1400000,0x00000006c24a33f0,0x00000006c8900000)
 Metaspace       used 34755K, capacity 35272K, committed 35456K, reserved 1079296K
  class space    used 4523K, capacity 4683K, committed 4736K, reserved 1048576K
}
Event: 2.433 GC heap before
{Heap before GC invocations=6 (full 2):
 PSYoungGen      total 76288K, used 10749K [0x000000076b180000, 0x0000000770680000, 0x00000007c0000000)
  eden space 65536K, 0% used [0x000000076b180000,0x000000076b180000,0x000000076f180000)
  from space 10752K, 99% used [0x000000076fc00000,0x000000077067f658,0x0000000770680000)
  to   space 10752K, 0% used [0x000000076f180000,0x000000076f180000,0x000000076fc00000)
 ParOldGen       total 119808K, used 17036K [0x00000006c1400000, 0x00000006c8900000, 0x000000076b180000)
  object space 119808K, 14% used [0x00000006c1400000,0x00000006c24a33f0,0x00000006c8900000)
 Metaspace       used 34755K, capacity 35272K, committed 35456K, reserved 1079296K
  class space    used 4523K, capacity 4683K, committed 4736K, reserved 1048576K
Event: 2.469 GC heap after
Heap after GC invocations=6 (full 2):
 PSYoungGen      total 76288K, used 0K [0x000000076b180000, 0x0000000770680000, 0x00000007c0000000)
  eden space 65536K, 0% used [0x000000076b180000,0x000000076b180000,0x000000076f180000)
  from space 10752K, 0% used [0x000000076fc00000,0x000000076fc00000,0x0000000770680000)
  to   space 10752K, 0% used [0x000000076f180000,0x000000076f180000,0x000000076fc00000)
 ParOldGen       total 119808K, used 18103K [0x00000006c1400000, 0x00000006c8900000, 0x000000076b180000)
  object space 119808K, 15% used [0x00000006c1400000,0x00000006c25adc00,0x00000006c8900000)
 Metaspace       used 34755K, capacity 35272K, committed 35456K, reserved 1079296K
  class space    used 4523K, capacity 4683K, committed 4736K, reserved 1048576K
}

